[INFO] Before: object | After: float64
[INFO] Before: object | After: float64
[INFO] Before: object | After: float64
['service', 'conn_state']
Index(['proto', 'service', 'duration', 'orig_bytes', 'resp_bytes',
       'conn_state', 'missed_bytes', 'history', 'orig_pkts', 'orig_ip_bytes',
       'resp_pkts', 'resp_ip_bytes', 'flow_duration', 'fwd_pkts_tot',
       'bwd_pkts_tot', 'fwd_data_pkts_tot', 'bwd_data_pkts_tot',
       'fwd_pkts_per_sec', 'bwd_pkts_per_sec', 'flow_pkts_per_sec',
       'down_up_ratio', 'fwd_header_size_tot', 'fwd_header_size_min',
       'fwd_header_size_max', 'bwd_header_size_tot', 'bwd_header_size_min',
       'bwd_header_size_max', 'flow_FIN_flag_count', 'flow_SYN_flag_count',
       'flow_RST_flag_count', 'fwd_PSH_flag_count', 'bwd_PSH_flag_count',
       'flow_ACK_flag_count', 'fwd_pkts_payload.min', 'fwd_pkts_payload.max',
       'fwd_pkts_payload.tot', 'fwd_pkts_payload.avg', 'fwd_pkts_payload.std',
       'bwd_pkts_payload.min', 'bwd_pkts_payload.max', 'bwd_pkts_payload.tot',
       'bwd_pkts_payload.avg', 'bwd_pkts_payload.std', 'flow_pkts_payload.min',
       'flow_pkts_payload.max', 'flow_pkts_payload.tot',
       'flow_pkts_payload.avg', 'flow_pkts_payload.std', 'fwd_iat.min',
       'fwd_iat.max', 'fwd_iat.tot', 'fwd_iat.avg', 'fwd_iat.std',
       'bwd_iat.min', 'bwd_iat.max', 'bwd_iat.tot', 'bwd_iat.avg',
       'bwd_iat.std', 'flow_iat.min', 'flow_iat.max', 'flow_iat.tot',
       'flow_iat.avg', 'flow_iat.std', 'payload_bytes_per_second',
       'fwd_subflow_pkts', 'bwd_subflow_pkts', 'fwd_subflow_bytes',
       'bwd_subflow_bytes', 'fwd_bulk_bytes', 'bwd_bulk_bytes',
       'fwd_bulk_packets', 'bwd_bulk_packets', 'fwd_bulk_rate',
       'bwd_bulk_rate', 'active.min', 'active.max', 'active.tot', 'active.avg',
       'active.std', 'idle.min', 'idle.max', 'idle.tot', 'idle.avg',
       'idle.std', 'fwd_init_window_size', 'bwd_init_window_size',
       'fwd_last_window_size', 'bwd_last_window_size', 'type'],
      dtype='object')
service
conn_state
[0]	validation_0-mlogloss:1.83828
[10]	validation_0-mlogloss:0.55340
[20]	validation_0-mlogloss:0.22961
[30]	validation_0-mlogloss:0.11452
[40]	validation_0-mlogloss:0.07095
[50]	validation_0-mlogloss:0.05373
[60]	validation_0-mlogloss:0.04639
[70]	validation_0-mlogloss:0.04289
[80]	validation_0-mlogloss:0.04093
[90]	validation_0-mlogloss:0.03959
[99]	validation_0-mlogloss:0.03866
/home/melicias/anaconda3/envs/tabnet/lib/python3.7/site-packages/xgboost/sklearn.py:797: UserWarning: `early_stopping_rounds` in `fit` method is deprecated for better compatibility with scikit-learn, use `early_stopping_rounds` in constructor or`set_params` instead.
  UserWarning,
0.9813444723707034
0.9717517124196888
              precision    recall  f1-score   support

           0       0.66      0.33      0.44       303
           1       0.00      0.00      0.00         2
           2       0.29      0.34      0.32       242
           3       0.98      0.98      0.98      9746
           4       1.00      1.00      1.00      5908
           5       0.99      0.99      0.99     13366
           6       0.78      0.75      0.77      2315
           7       0.60      0.70      0.65      1028
           8       0.92      0.95      0.93      1461
           9       1.00      1.00      1.00     22128

    accuracy                           0.97     56499
   macro avg       0.72      0.71      0.71     56499
weighted avg       0.97      0.97      0.97     56499

[INFO] Before: object | After: float64
[INFO] Before: object | After: float64
[INFO] Before: object | After: float64
['service', 'conn_state']
Index(['proto', 'service', 'duration', 'orig_bytes', 'resp_bytes',
       'conn_state', 'missed_bytes', 'history', 'orig_pkts', 'orig_ip_bytes',
       'resp_pkts', 'resp_ip_bytes', 'flow_duration', 'fwd_pkts_tot',
       'bwd_pkts_tot', 'fwd_data_pkts_tot', 'bwd_data_pkts_tot',
       'fwd_pkts_per_sec', 'bwd_pkts_per_sec', 'flow_pkts_per_sec',
       'down_up_ratio', 'fwd_header_size_tot', 'fwd_header_size_min',
       'fwd_header_size_max', 'bwd_header_size_tot', 'bwd_header_size_min',
       'bwd_header_size_max', 'flow_FIN_flag_count', 'flow_SYN_flag_count',
       'flow_RST_flag_count', 'fwd_PSH_flag_count', 'bwd_PSH_flag_count',
       'flow_ACK_flag_count', 'fwd_pkts_payload.min', 'fwd_pkts_payload.max',
       'fwd_pkts_payload.tot', 'fwd_pkts_payload.avg', 'fwd_pkts_payload.std',
       'bwd_pkts_payload.min', 'bwd_pkts_payload.max', 'bwd_pkts_payload.tot',
       'bwd_pkts_payload.avg', 'bwd_pkts_payload.std', 'flow_pkts_payload.min',
       'flow_pkts_payload.max', 'flow_pkts_payload.tot',
       'flow_pkts_payload.avg', 'flow_pkts_payload.std', 'fwd_iat.min',
       'fwd_iat.max', 'fwd_iat.tot', 'fwd_iat.avg', 'fwd_iat.std',
       'bwd_iat.min', 'bwd_iat.max', 'bwd_iat.tot', 'bwd_iat.avg',
       'bwd_iat.std', 'flow_iat.min', 'flow_iat.max', 'flow_iat.tot',
       'flow_iat.avg', 'flow_iat.std', 'payload_bytes_per_second',
       'fwd_subflow_pkts', 'bwd_subflow_pkts', 'fwd_subflow_bytes',
       'bwd_subflow_bytes', 'fwd_bulk_bytes', 'bwd_bulk_bytes',
       'fwd_bulk_packets', 'bwd_bulk_packets', 'fwd_bulk_rate',
       'bwd_bulk_rate', 'active.min', 'active.max', 'active.tot', 'active.avg',
       'active.std', 'idle.min', 'idle.max', 'idle.tot', 'idle.avg',
       'idle.std', 'fwd_init_window_size', 'bwd_init_window_size',
       'fwd_last_window_size', 'bwd_last_window_size', 'type'],
      dtype='object')
service
conn_state
[0]	validation_0-mlogloss:1.83828
[10]	validation_0-mlogloss:0.55340
[20]	validation_0-mlogloss:0.22961
[30]	validation_0-mlogloss:0.11452
[40]	validation_0-mlogloss:0.07095
[50]	validation_0-mlogloss:0.05373
[60]	validation_0-mlogloss:0.04639
[70]	validation_0-mlogloss:0.04289
[80]	validation_0-mlogloss:0.04093
[90]	validation_0-mlogloss:0.03959
[99]	validation_0-mlogloss:0.03866
/home/melicias/anaconda3/envs/tabnet/lib/python3.7/site-packages/xgboost/sklearn.py:797: UserWarning: `early_stopping_rounds` in `fit` method is deprecated for better compatibility with scikit-learn, use `early_stopping_rounds` in constructor or`set_params` instead.
  UserWarning,
0.9813444723707034
0.9717517124196888
              precision    recall  f1-score   support

           0       0.66      0.33      0.44       303
           1       0.00      0.00      0.00         2
           2       0.29      0.34      0.32       242
           3       0.98      0.98      0.98      9746
           4       1.00      1.00      1.00      5908
           5       0.99      0.99      0.99     13366
           6       0.78      0.75      0.77      2315
           7       0.60      0.70      0.65      1028
           8       0.92      0.95      0.93      1461
           9       1.00      1.00      1.00     22128

    accuracy                           0.97     56499
   macro avg       0.72      0.71      0.71     56499
weighted avg       0.97      0.97      0.97     56499

balanced_accuracy
0.7052499724438274
